<?xml version="1.0" encoding="UTF-8"?>
<!-- Generated by org.testng.reporters.JUnitReportReporter -->
<testsuite hostname="DM-PC" failures="0" tests="7" name="CalculatorTest" time="0.101" errors="0" timestamp="2022-07-17T19:38:17 IST" skipped="0">
  <testcase classname="CalculatorTest" name="ignoreNumbersGreaterThan1000" time="0.001"/>
  <system-out/>
  <testcase classname="CalculatorTest" name="negativeInputReturnsException" time="0.001"/>
  <system-out/>
  <testcase classname="CalculatorTest" name="twoNumbersNewLineDelimitedReturnsSum" time="0.003"/>
  <system-out/>
  <testcase classname="CalculatorTest" name="singleValueIsReplied" time="0.001"/>
  <system-out/>
  <testcase classname="CalculatorTest" name="emptyStringReturnZero" time="0.091"/>
  <system-out/>
  <testcase classname="CalculatorTest" name="threeNumbersDelimitedBothWaysReturnsSum" time="0.003"/>
  <system-out/>
  <testcase classname="CalculatorTest" name="twoNumbersCommaDelimitedReturnSum" time="0.001"/>
  <system-out/>
</testsuite> <!-- CalculatorTest -->
